  logon.cpp
  services.cpp
  tasks.cpp
  WindowsSecurity.cpp
services.obj : warning LNK4006: "class std::basic_string<char,struct std::char_traits<char>,class std::allocator<char> > __cdecl format_image_path(class std::basic_string<char,struct std::char_traits<char>,class std::allocator<char> >)" (?format_image_path@@YA?AV?$basic_string@DU?$char_traits@D@std@@V?$allocator@D@2@@std@@V12@@Z) 已在 logon.obj 中定义；已忽略第二个定义
services.obj : warning LNK4006: "class std::basic_string<char,struct std::char_traits<char>,class std::allocator<char> > __cdecl wstring2string(class std::basic_string<wchar_t,struct std::char_traits<wchar_t>,class std::allocator<wchar_t> > const &)" (?wstring2string@@YA?AV?$basic_string@DU?$char_traits@D@std@@V?$allocator@D@2@@std@@ABV?$basic_string@_WU?$char_traits@_W@std@@V?$allocator@_W@2@@2@@Z) 已在 logon.obj 中定义；已忽略第二个定义
services.obj : warning LNK4006: "class std::basic_string<wchar_t,struct std::char_traits<wchar_t>,class std::allocator<wchar_t> > __cdecl string2wstring(class std::basic_string<char,struct std::char_traits<char>,class std::allocator<char> >)" (?string2wstring@@YA?AV?$basic_string@_WU?$char_traits@_W@std@@V?$allocator@_W@2@@std@@V?$basic_string@DU?$char_traits@D@std@@V?$allocator@D@2@@2@@Z) 已在 logon.obj 中定义；已忽略第二个定义
services.obj : warning LNK4006: "class std::basic_string<char,struct std::char_traits<char>,class std::allocator<char> > __cdecl wchar2string(wchar_t *)" (?wchar2string@@YA?AV?$basic_string@DU?$char_traits@D@std@@V?$allocator@D@2@@std@@PA_W@Z) 已在 logon.obj 中定义；已忽略第二个定义
services.obj : warning LNK4006: "void __cdecl transbyte(class std::basic_string<char,struct std::char_traits<char>,class std::allocator<char> >,unsigned long,unsigned char * const)" (?transbyte@@YAXV?$basic_string@DU?$char_traits@D@std@@V?$allocator@D@2@@std@@KQAE@Z) 已在 logon.obj 中定义；已忽略第二个定义
services.obj : warning LNK4006: "char * __cdecl TCHAR2char(wchar_t const *)" (?TCHAR2char@@YAPADPB_W@Z) 已在 logon.obj 中定义；已忽略第二个定义
services.obj : warning LNK4006: "int __cdecl GetFileVersionString(wchar_t const *,wchar_t const *,wchar_t *,unsigned int)" (?GetFileVersionString@@YAHPB_W0PA_WI@Z) 已在 logon.obj 中定义；已忽略第二个定义
tasks.obj : warning LNK4006: "int __cdecl GetFileVersionString(wchar_t const *,wchar_t const *,wchar_t *,unsigned int)" (?GetFileVersionString@@YAHPB_W0PA_WI@Z) 已在 logon.obj 中定义；已忽略第二个定义
tasks.obj : warning LNK4006: "class std::basic_string<char,struct std::char_traits<char>,class std::allocator<char> > __cdecl format_image_path(class std::basic_string<char,struct std::char_traits<char>,class std::allocator<char> >)" (?format_image_path@@YA?AV?$basic_string@DU?$char_traits@D@std@@V?$allocator@D@2@@std@@V12@@Z) 已在 logon.obj 中定义；已忽略第二个定义
tasks.obj : warning LNK4006: "class std::basic_string<char,struct std::char_traits<char>,class std::allocator<char> > __cdecl wstring2string(class std::basic_string<wchar_t,struct std::char_traits<wchar_t>,class std::allocator<wchar_t> > const &)" (?wstring2string@@YA?AV?$basic_string@DU?$char_traits@D@std@@V?$allocator@D@2@@std@@ABV?$basic_string@_WU?$char_traits@_W@std@@V?$allocator@_W@2@@2@@Z) 已在 logon.obj 中定义；已忽略第二个定义
tasks.obj : warning LNK4006: "class std::basic_string<wchar_t,struct std::char_traits<wchar_t>,class std::allocator<wchar_t> > __cdecl string2wstring(class std::basic_string<char,struct std::char_traits<char>,class std::allocator<char> >)" (?string2wstring@@YA?AV?$basic_string@_WU?$char_traits@_W@std@@V?$allocator@_W@2@@std@@V?$basic_string@DU?$char_traits@D@std@@V?$allocator@D@2@@2@@Z) 已在 logon.obj 中定义；已忽略第二个定义
tasks.obj : warning LNK4006: "class std::basic_string<char,struct std::char_traits<char>,class std::allocator<char> > __cdecl wchar2string(wchar_t *)" (?wchar2string@@YA?AV?$basic_string@DU?$char_traits@D@std@@V?$allocator@D@2@@std@@PA_W@Z) 已在 logon.obj 中定义；已忽略第二个定义
tasks.obj : warning LNK4006: "void __cdecl transbyte(class std::basic_string<char,struct std::char_traits<char>,class std::allocator<char> >,unsigned long,unsigned char * const)" (?transbyte@@YAXV?$basic_string@DU?$char_traits@D@std@@V?$allocator@D@2@@std@@KQAE@Z) 已在 logon.obj 中定义；已忽略第二个定义
tasks.obj : warning LNK4006: "char * __cdecl TCHAR2char(wchar_t const *)" (?TCHAR2char@@YAPADPB_W@Z) 已在 logon.obj 中定义；已忽略第二个定义
WindowsSecurity.obj : warning LNK4006: "void __cdecl getTasks(struct ITaskFolder *,long)" (?getTasks@@YAXPAUITaskFolder@@J@Z) 已在 tasks.obj 中定义；已忽略第二个定义
WindowsSecurity.obj : warning LNK4006: "void __cdecl walkFolders(struct ITaskFolder *,long)" (?walkFolders@@YAXPAUITaskFolder@@J@Z) 已在 tasks.obj 中定义；已忽略第二个定义
WindowsSecurity.obj : warning LNK4006: "void __cdecl getTasksFormat(struct ITaskFolder *,long)" (?getTasksFormat@@YAXPAUITaskFolder@@J@Z) 已在 tasks.obj 中定义；已忽略第二个定义
WindowsSecurity.obj : warning LNK4006: "void __cdecl walkFoldersFormat(struct ITaskFolder *,long)" (?walkFoldersFormat@@YAXPAUITaskFolder@@J@Z) 已在 tasks.obj 中定义；已忽略第二个定义
WindowsSecurity.obj : warning LNK4006: _wmain 已在 services.obj 中定义；已忽略第二个定义
WindowsSecurity.obj : warning LNK4006: "class std::basic_string<char,struct std::char_traits<char>,class std::allocator<char> > __cdecl GetSvchost(struct HKEY__ *)" (?GetSvchost@@YA?AV?$basic_string@DU?$char_traits@D@std@@V?$allocator@D@2@@std@@PAUHKEY__@@@Z) 已在 services.obj 中定义；已忽略第二个定义
WindowsSecurity.obj : warning LNK4006: "void __cdecl QueryKey(struct HKEY__ *,class std::basic_string<char,struct std::char_traits<char>,class std::allocator<char> >,class std::basic_string<char,struct std::char_traits<char>,class std::allocator<char> >)" (?QueryKey@@YAXPAUHKEY__@@V?$basic_string@DU?$char_traits@D@std@@V?$allocator@D@2@@std@@1@Z) 已在 services.obj 中定义；已忽略第二个定义
WindowsSecurity.obj : warning LNK4006: "void __cdecl QueryGroup(struct HKEY__ *)" (?QueryGroup@@YAXPAUHKEY__@@@Z) 已在 services.obj 中定义；已忽略第二个定义
WindowsSecurity.obj : warning LNK4006: "void __cdecl QueryKey(struct HKEY__ *)" (?QueryKey@@YAXPAUHKEY__@@@Z) 已在 logon.obj 中定义；已忽略第二个定义
WindowsSecurity.obj : warning LNK4006: "class std::basic_string<char,struct std::char_traits<char>,class std::allocator<char> > __cdecl format_image_path(class std::basic_string<char,struct std::char_traits<char>,class std::allocator<char> >)" (?format_image_path@@YA?AV?$basic_string@DU?$char_traits@D@std@@V?$allocator@D@2@@std@@V12@@Z) 已在 logon.obj 中定义；已忽略第二个定义
WindowsSecurity.obj : warning LNK4006: "class std::basic_string<char,struct std::char_traits<char>,class std::allocator<char> > __cdecl wstring2string(class std::basic_string<wchar_t,struct std::char_traits<wchar_t>,class std::allocator<wchar_t> > const &)" (?wstring2string@@YA?AV?$basic_string@DU?$char_traits@D@std@@V?$allocator@D@2@@std@@ABV?$basic_string@_WU?$char_traits@_W@std@@V?$allocator@_W@2@@2@@Z) 已在 logon.obj 中定义；已忽略第二个定义
WindowsSecurity.obj : warning LNK4006: "class std::basic_string<wchar_t,struct std::char_traits<wchar_t>,class std::allocator<wchar_t> > __cdecl string2wstring(class std::basic_string<char,struct std::char_traits<char>,class std::allocator<char> >)" (?string2wstring@@YA?AV?$basic_string@_WU?$char_traits@_W@std@@V?$allocator@_W@2@@std@@V?$basic_string@DU?$char_traits@D@std@@V?$allocator@D@2@@2@@Z) 已在 logon.obj 中定义；已忽略第二个定义
WindowsSecurity.obj : warning LNK4006: "class std::basic_string<char,struct std::char_traits<char>,class std::allocator<char> > __cdecl wchar2string(wchar_t *)" (?wchar2string@@YA?AV?$basic_string@DU?$char_traits@D@std@@V?$allocator@D@2@@std@@PA_W@Z) 已在 logon.obj 中定义；已忽略第二个定义
WindowsSecurity.obj : warning LNK4006: "void __cdecl transbyte(class std::basic_string<char,struct std::char_traits<char>,class std::allocator<char> >,unsigned long,unsigned char * const)" (?transbyte@@YAXV?$basic_string@DU?$char_traits@D@std@@V?$allocator@D@2@@std@@KQAE@Z) 已在 logon.obj 中定义；已忽略第二个定义
WindowsSecurity.obj : warning LNK4006: "char * __cdecl TCHAR2char(wchar_t const *)" (?TCHAR2char@@YAPADPB_W@Z) 已在 logon.obj 中定义；已忽略第二个定义
WindowsSecurity.obj : warning LNK4006: "int __cdecl GetFileVersionString(wchar_t const *,wchar_t const *,wchar_t *,unsigned int)" (?GetFileVersionString@@YAHPB_W0PA_WI@Z) 已在 logon.obj 中定义；已忽略第二个定义
LINK : warning LNK4067: 不明确的入口点；选定“mainCRTStartup”
C:\Users\秋实\source\repos\WindowsSecurity\Release\WindowsSecurity.exe : warning LNK4088: 因 /FORCE 选项生成了映像；映像可能不能运行
  正在生成代码
  Previous IPDB not found, fall back to full compilation.
  All 264 functions were compiled because no usable IPDB/IOBJ from previous compilation was found.
  已完成代码的生成
  WindowsSecurity.vcxproj -> C:\Users\秋实\source\repos\WindowsSecurity\Release\WindowsSecurity.exe
